<?xml version="1.0" encoding="UTF-8"?>
<!-- Generated by org.testng.reporters.JUnitReportReporter -->
<testsuite hostname="DESKTOP-GTA4HK7" failures="0" tests="2" name="Test.TestMercuryTours" time="2.487" errors="0" timestamp="14 jul. 2023 02:29:20 GMT" skipped="0">
  <testcase classname="Test.TestMercuryTours" name="testMercuryTours" time="1.204"/>
  <testcase classname="Test.TestMercuryTours" name="testMercuryTours" time="1.283"/>
</testsuite> <!-- Test.TestMercuryTours -->
