<?xml version="1.0" encoding="UTF-8"?>
<!-- Generated by org.testng.reporters.JUnitReportReporter -->
<testsuite hostname="DESKTOP-GTA4HK7" failures="0" tests="1" name="Test.TestMercuryTours" time="2.005" errors="0" timestamp="15 jul. 2023 00:46:50 GMT" skipped="0">
  <testcase classname="Test.TestMercuryTours" name="testMercuryTours" time="2.005"/>
</testsuite> <!-- Test.TestMercuryTours -->
