<?xml version="1.0" encoding="UTF-8"?>
<!-- Generated by org.testng.reporters.JUnitReportReporter -->
<testsuite hostname="DESKTOP-GTA4HK7" failures="0" tests="2" name="Test.TestMercuryTours" time="2.500" errors="0" timestamp="14 jul. 2023 02:34:23 GMT" skipped="0">
  <testcase classname="Test.TestMercuryTours" name="testMercuryTours" time="1.304"/>
  <testcase classname="Test.TestMercuryTours" name="testMercuryTours" time="1.196"/>
</testsuite> <!-- Test.TestMercuryTours -->
